# JRE version: OpenJDK Runtime Environment Microsoft-8035246 (17.0.8+7) (build 17.0.8+7-LTS)
# Java VM: OpenJDK 64-Bit Server VM Microsoft-8035246 (17.0.8+7-LTS, mixed mode, sharing, tiered, compressed oops, compressed class ptrs, g1 gc, windows-amd64)
GC Precious Log:
 CPUs: 12 total, 12 available
 Memory: 8057M
 Large Page Support: Disabled
 NUMA Support: Disabled
 Compressed Oops: Enabled (32-bit)
 Heap Region Size: 1M
 Heap Min Capacity: 8M
 Heap Initial Capacity: 126M
 Heap Max Capacity: 2G
 Pre-touch: Disabled
 Parallel Workers: 10
 Concurrent Workers: 3
 Concurrent Refinement Workers: 10
 Periodic GC: Disabled
Heap:
 garbage-first heap   total 271360K, used 217210K [0x0000000080000000, 0x0000000100000000)
  region size 1024K, 19 young (19456K), 5 survivors (5120K)
 Metaspace       used 100052K, committed 101184K, reserved 557056K
  class space    used 14017K, committed 14528K, reserved 425984K
GC Heap History (20 events):
Event: 25.059 GC heap before
{Heap before GC invocations=56 (full 0):
 garbage-first heap   total 271360K, used 211045K [0x0000000080000000, 0x0000000100000000)
  region size 1024K, 86 young (88064K), 2 survivors (2048K)
 Metaspace       used 89622K, committed 90496K, reserved 557056K
  class space    used 12593K, committed 12992K, reserved 425984K
}
Event: 25.068 GC heap after
{Heap after GC invocations=57 (full 0):
 garbage-first heap   total 271360K, used 143360K [0x0000000080000000, 0x0000000100000000)
  region size 1024K, 11 young (11264K), 11 survivors (11264K)
 Metaspace       used 89622K, committed 90496K, reserved 557056K
  class space    used 12593K, committed 12992K, reserved 425984K
}
Event: 26.151 GC heap before
{Heap before GC invocations=57 (full 0):
 garbage-first heap   total 271360K, used 212992K [0x0000000080000000, 0x0000000100000000)
  region size 1024K, 77 young (78848K), 11 survivors (11264K)
 Metaspace       used 90364K, committed 91328K, reserved 557056K
  class space    used 12680K, committed 13120K, reserved 425984K
}
Event: 26.162 GC heap after
{Heap after GC invocations=58 (full 0):
 garbage-first heap   total 271360K, used 163111K [0x0000000080000000, 0x0000000100000000)
  region size 1024K, 10 young (10240K), 10 survivors (10240K)
 Metaspace       used 90364K, committed 91328K, reserved 557056K
  class space    used 12680K, committed 13120K, reserved 425984K
}
Event: 26.764 GC heap before
{Heap before GC invocations=58 (full 0):
 garbage-first heap   total 271360K, used 215335K [0x0000000080000000, 0x0000000100000000)
  region size 1024K, 61 young (62464K), 10 survivors (10240K)
 Metaspace       used 93822K, committed 94784K, reserved 557056K
  class space    used 13205K, committed 13632K, reserved 425984K
}
Event: 26.770 GC heap after
{Heap after GC invocations=59 (full 0):
 garbage-first heap   total 271360K, used 168624K [0x0000000080000000, 0x0000000100000000)
  region size 1024K, 4 young (4096K), 4 survivors (4096K)
 Metaspace       used 93822K, committed 94784K, reserved 557056K
  class space    used 13205K, committed 13632K, reserved 425984K
}
Event: 27.408 GC heap before
{Heap before GC invocations=59 (full 0):
 garbage-first heap   total 271360K, used 219824K [0x0000000080000000, 0x0000000100000000)
  region size 1024K, 54 young (55296K), 4 survivors (4096K)
 Metaspace       used 96739K, committed 97792K, reserved 557056K
  class space    used 13582K, committed 14080K, reserved 425984K
}
Event: 27.414 GC heap after
{Heap after GC invocations=60 (full 0):
 garbage-first heap   total 271360K, used 172490K [0x0000000080000000, 0x0000000100000000)
  region size 1024K, 7 young (7168K), 7 survivors (7168K)
 Metaspace       used 96739K, committed 97792K, reserved 557056K
  class space    used 13582K, committed 14080K, reserved 425984K
}
Event: 27.969 GC heap before
{Heap before GC invocations=60 (full 0):
 garbage-first heap   total 271360K, used 222666K [0x0000000080000000, 0x0000000100000000)
  region size 1024K, 56 young (57344K), 7 survivors (7168K)
 Metaspace       used 97822K, committed 98944K, reserved 557056K
  class space    used 13695K, committed 14208K, reserved 425984K
}
Event: 27.978 GC heap after
{Heap after GC invocations=61 (full 0):
 garbage-first heap   total 271360K, used 179783K [0x0000000080000000, 0x0000000100000000)
  region size 1024K, 7 young (7168K), 7 survivors (7168K)
 Metaspace       used 97822K, committed 98944K, reserved 557056K
  class space    used 13695K, committed 14208K, reserved 425984K
}
Event: 28.326 GC heap before
{Heap before GC invocations=61 (full 0):
 garbage-first heap   total 271360K, used 224839K [0x0000000080000000, 0x0000000100000000)
  region size 1024K, 51 young (52224K), 7 survivors (7168K)
 Metaspace       used 98111K, committed 99200K, reserved 557056K
  class space    used 13714K, committed 14208K, reserved 425984K
}
Event: 28.333 GC heap after
{Heap after GC invocations=62 (full 0):
 garbage-first heap   total 271360K, used 184909K [0x0000000080000000, 0x0000000100000000)
  region size 1024K, 5 young (5120K), 5 survivors (5120K)
 Metaspace       used 98111K, committed 99200K, reserved 557056K
  class space    used 13714K, committed 14208K, reserved 425984K
}
Event: 28.671 GC heap before
{Heap before GC invocations=62 (full 0):
 garbage-first heap   total 271360K, used 226893K [0x0000000080000000, 0x0000000100000000)
  region size 1024K, 47 young (48128K), 5 survivors (5120K)
 Metaspace       used 99218K, committed 100352K, reserved 557056K
  class space    used 13942K, committed 14464K, reserved 425984K
}
Event: 28.678 GC heap after
{Heap after GC invocations=63 (full 0):
 garbage-first heap   total 271360K, used 189238K [0x0000000080000000, 0x0000000100000000)
  region size 1024K, 5 young (5120K), 5 survivors (5120K)
 Metaspace       used 99218K, committed 100352K, reserved 557056K
  class space    used 13942K, committed 14464K, reserved 425984K
}
Event: 29.027 GC heap before
{Heap before GC invocations=63 (full 0):
 garbage-first heap   total 271360K, used 228150K [0x0000000080000000, 0x0000000100000000)
  region size 1024K, 44 young (45056K), 5 survivors (5120K)
 Metaspace       used 99643K, committed 100736K, reserved 557056K
  class space    used 13991K, committed 14528K, reserved 425984K
}
Event: 29.031 GC heap after
{Heap after GC invocations=64 (full 0):
 garbage-first heap   total 271360K, used 191124K [0x0000000080000000, 0x0000000100000000)
  region size 1024K, 2 young (2048K), 2 survivors (2048K)
 Metaspace       used 99643K, committed 100736K, reserved 557056K
  class space    used 13991K, committed 14528K, reserved 425984K
}
Event: 29.273 GC heap before
{Heap before GC invocations=64 (full 0):
 garbage-first heap   total 271360K, used 230036K [0x0000000080000000, 0x0000000100000000)
  region size 1024K, 41 young (41984K), 2 survivors (2048K)
 Metaspace       used 99868K, committed 100992K, reserved 557056K
  class space    used 13999K, committed 14528K, reserved 425984K
}
Event: 29.277 GC heap after
{Heap after GC invocations=65 (full 0):
 garbage-first heap   total 271360K, used 195823K [0x0000000080000000, 0x0000000100000000)
  region size 1024K, 6 young (6144K), 6 survivors (6144K)
 Metaspace       used 99868K, committed 100992K, reserved 557056K
  class space    used 13999K, committed 14528K, reserved 425984K
}
Event: 29.519 GC heap before
{Heap before GC invocations=65 (full 0):
 garbage-first heap   total 271360K, used 231663K [0x0000000080000000, 0x0000000100000000)
  region size 1024K, 41 young (41984K), 6 survivors (6144K)
 Metaspace       used 99884K, committed 100992K, reserved 557056K
  class space    used 13999K, committed 14528K, reserved 425984K
}
Event: 29.523 GC heap after
{Heap after GC invocations=66 (full 0):
 garbage-first heap   total 271360K, used 198264K [0x0000000080000000, 0x0000000100000000)
  region size 1024K, 3 young (3072K), 3 survivors (3072K)
 Metaspace       used 99884K, committed 100992K, reserved 557056K
  class space    used 13999K, committed 14528K, reserved 425984K
}

